[2023-09-14 13:55:47.723] [info] [console_user_server] version 14.12.0
[2023-09-14 13:55:47.810] [info] [console_user_server] on_console_changed: on_console:true
[2023-09-14 13:55:47.810] [info] [console_user_server] grabber_client is started.
[2023-09-14 13:55:47.810] [info] [console_user_server] grabber_client is connected.
[2023-09-14 13:55:48.241] [info] [console_user_server] Load /Users/love/.config/karabiner/karabiner.json...
[2023-09-14 13:55:48.253] [info] [console_user_server] core_configuration is updated.
[2023-09-14 13:56:18.388] [info] [console_user_server] Check for updates...
[2023-09-14 14:05:36.230] [info] [console_user_server] version 14.12.0
[2023-09-14 14:05:45.500] [info] [console_user_server] on_console_changed: on_console:true
[2023-09-14 14:05:45.502] [info] [console_user_server] grabber_client is started.
[2023-09-14 14:05:45.503] [info] [console_user_server] grabber_client is connected.
[2023-09-14 14:05:45.677] [info] [console_user_server] Load /Users/love/.config/karabiner/karabiner.json...
[2023-09-14 14:05:45.678] [info] [console_user_server] core_configuration is updated.
[2023-09-14 14:06:15.762] [info] [console_user_server] Check for updates...
[2023-09-14 14:10:16.580] [info] [console_user_server] version 14.12.0
[2023-09-14 14:10:25.877] [info] [console_user_server] on_console_changed: on_console:true
[2023-09-14 14:10:25.879] [info] [console_user_server] grabber_client is started.
[2023-09-14 14:10:25.879] [info] [console_user_server] grabber_client is connected.
[2023-09-14 14:10:26.040] [info] [console_user_server] Load /Users/love/.config/karabiner/karabiner.json...
[2023-09-14 14:10:26.058] [info] [console_user_server] core_configuration is updated.
[2023-09-14 14:10:56.187] [info] [console_user_server] Check for updates...
[2023-09-22 11:46:03.077] [info] [console_user_server] version 14.12.0
[2023-09-22 11:46:11.997] [info] [console_user_server] on_console_changed: on_console:true
[2023-09-22 11:46:11.999] [info] [console_user_server] grabber_client is started.
[2023-09-22 11:46:11.999] [info] [console_user_server] grabber_client is connected.
[2023-09-22 11:46:12.210] [info] [console_user_server] Load /Users/love/.config/karabiner/karabiner.json...
[2023-09-22 11:46:12.222] [info] [console_user_server] core_configuration is updated.
[2023-09-22 11:46:42.358] [info] [console_user_server] Check for updates...
[2023-09-22 11:50:58.585] [info] [console_user_server] version 14.12.0
[2023-09-22 11:51:08.120] [info] [console_user_server] on_console_changed: on_console:true
[2023-09-22 11:51:08.206] [info] [console_user_server] grabber_client is started.
[2023-09-22 11:51:08.230] [info] [console_user_server] grabber_client is connected.
[2023-09-22 11:51:08.454] [info] [console_user_server] Load /Users/love/.config/karabiner/karabiner.json...
[2023-09-22 11:51:08.473] [info] [console_user_server] core_configuration is updated.
[2023-09-22 11:51:38.593] [info] [console_user_server] Check for updates...
[2023-09-22 11:54:34.036] [info] [console_user_server] version 14.12.0
[2023-09-22 11:54:43.369] [info] [console_user_server] on_console_changed: on_console:true
[2023-09-22 11:54:43.372] [info] [console_user_server] grabber_client is started.
[2023-09-22 11:54:43.372] [info] [console_user_server] grabber_client is connected.
[2023-09-22 11:54:43.725] [info] [console_user_server] Load /Users/love/.config/karabiner/karabiner.json...
[2023-09-22 11:54:43.726] [info] [console_user_server] core_configuration is updated.
[2023-09-22 11:55:13.775] [info] [console_user_server] Check for updates...
[2023-09-29 16:20:34.687] [info] [console_user_server] version 14.12.0
[2023-09-29 16:20:41.324] [info] [console_user_server] on_console_changed: on_console:true
[2023-09-29 16:20:41.337] [info] [console_user_server] grabber_client is started.
[2023-09-29 16:20:41.338] [info] [console_user_server] grabber_client is connected.
[2023-09-29 16:20:41.552] [info] [console_user_server] Load /Users/love/.config/karabiner/karabiner.json...
[2023-09-29 16:20:41.574] [info] [console_user_server] core_configuration is updated.
[2023-09-29 16:21:11.826] [info] [console_user_server] Check for updates...
[2023-09-29 20:51:27.937] [info] [console_user_server] version 14.12.0
[2023-09-29 20:51:37.367] [info] [console_user_server] on_console_changed: on_console:true
[2023-09-29 20:51:37.369] [info] [console_user_server] grabber_client is started.
[2023-09-29 20:51:37.369] [info] [console_user_server] grabber_client is connected.
[2023-09-29 20:51:40.754] [info] [console_user_server] Load /Users/love/.config/karabiner/karabiner.json...
[2023-09-29 20:51:40.755] [info] [console_user_server] core_configuration is updated.
[2023-09-29 20:52:10.881] [info] [console_user_server] Check for updates...
[2023-09-30 13:38:06.652] [info] [console_user_server] version 14.12.0
[2023-09-30 13:38:15.083] [info] [console_user_server] on_console_changed: on_console:true
[2023-09-30 13:38:15.085] [info] [console_user_server] grabber_client is started.
[2023-09-30 13:38:15.085] [info] [console_user_server] grabber_client is connected.
[2023-09-30 13:38:16.415] [info] [console_user_server] Load /Users/love/.config/karabiner/karabiner.json...
[2023-09-30 13:38:16.416] [info] [console_user_server] core_configuration is updated.
[2023-09-30 13:38:46.535] [info] [console_user_server] Check for updates...
